----- 10 -----
n=25000000.0, b=10, p=0.01
0.01
1.0
Global: 28096295.4545
>>> G:28096295.4545	25000000.0	10	0.01
0.01
1.0
1.0
1.0
Local: 18767572.7135
>>> L:18767572.7135	25000000.0	10	0.01
n=25000000.0, b=10, p=1.0
1.0
1.0
Global: 1032129545.45
>>> G:1032129545.45	25000000.0	10	1.0
1.0
1.0
1.0
1.0
Local: 99205072.7135
>>> L:99205072.7135	25000000.0	10	1.0
----- 100 -----
n=25000000.0, b=100, p=0.01
1.0
0.01
Global: 25812575.3795
>>> G:25812575.3795	25000000.0	100	0.01
0.01
1.0
1.0
1.0
Local: 18772318.0443
>>> L:18772318.0443	25000000.0	100	0.01
n=25000000.0, b=100, p=1.0
1.0
1.0
Global: 803757537.955
>>> G:803757537.955	25000000.0	100	1.0
1.0
1.0
1.0
1.0
Local: 99209818.0443
>>> L:99209818.0443	25000000.0	100	1.0
----- 1000 -----
n=25000000.0, b=1000, p=0.01
1.0
0.01
Global: 25547000.4845
>>> G:25547000.4845	25000000.0	1000	0.01
0.01
1.0
1.0
1.0
Local: 18819771.3525
>>> L:18819771.3525	25000000.0	1000	0.01
n=25000000.0, b=1000, p=1.0
1.0
1.0
Global: 777200048.454
>>> G:777200048.454	25000000.0	1000	1.0
1.0
1.0
1.0
1.0
Local: 99257271.3525
>>> L:99257271.3525	25000000.0	1000	1.0
----- 10000 -----
n=25000000.0, b=10000, p=0.01
0.01
1.0
Global: 25595045.0046
>>> G:25595045.0046	25000000.0	10000	0.01
0.01
1.0
1.0
1.0
Local: 19598016.8831
>>> L:19598016.8831	25000000.0	10000	0.01
n=25000000.0, b=10000, p=1.0
1.0
1.0
Global: 782004500.458
>>> G:782004500.458	25000000.0	10000	1.0
1.0
1.0
1.0
1.0
Local: 129735516.883
>>> L:129735516.883	25000000.0	10000	1.0
----- 100000 -----
n=25000000.0, b=100000, p=0.01
1.0
0.01
Global: 26132345.45
>>> G:26132345.45	25000000.0	100000	0.01
1.0
0.01
1.0
1.0
Local: 25284545.4545
>>> L:25284545.4545	25000000.0	100000	0.01
n=25000000.0, b=100000, p=1.0
1.0
1.0
Global: 835734545.005
>>> G:835734545.005	25000000.0	100000	1.0
1.0
1.0
1.0
1.0
Local: 204474545.455
>>> L:204474545.455	25000000.0	100000	1.0
----- 1000000 -----
n=25000000.0, b=1000000, p=0.01
0.01
1.0
Global: 26591075.4545
>>> G:26591075.4545	25000000.0	1000000	0.01
1.0
0.01
1.0
1.0
Local: 75376795.4545
>>> L:75376795.4545	25000000.0	1000000	0.01
n=25000000.0, b=1000000, p=1.0
1.0
1.0
Global: 881607545.45
>>> G:881607545.45	25000000.0	1000000	1.0
1.0
1.0
1.0
1.0
Local: 295379545.455
>>> L:295379545.455	25000000.0	1000000	1.0
----- 10000000 -----
n=25000000.0, b=10000000, p=0.01
1.0
0.01
Global: 27393448.4545
>>> G:27393448.4545	25000000.0	10000000	0.01
0.01
1.0
1.0
1.0
Local: 610694952.273
>>> L:610694952.273	25000000.0	10000000	0.01
n=25000000.0, b=10000000, p=1.0
1.0
1.0
Global: 961844845.455
>>> G:961844845.455	25000000.0	10000000	1.0
1.0
1.0
1.0
1.0
Local: 899995227.273
>>> L:899995227.273	25000000.0	10000000	1.0
----- 100000000 -----
n=25000000.0, b=100000000, p=0.01
0.01
1.0
Global: 27673435.7545
>>> G:27673435.7545	25000000.0	100000000	0.01
1.0
0.01
1.0
1.0
Local: 5919128586.14
>>> L:5919128586.14	25000000.0	100000000	0.01
n=25000000.0, b=100000000, p=1.0
1.0
1.0
Global: 989843575.455
>>> G:989843575.455	25000000.0	100000000	1.0
1.0
1.0
1.0
1.0
Local: 6215358613.64
>>> L:6215358613.64	25000000.0	100000000	1.0
