----- 10 -----
k=10, n=10000
1.0
Original: 462500.0
1.0
Interchanged: 456250.0
----- 100 -----
k=100, n=10000
1.0
Original: 4625000.0
Large iteration distance 100.0
1.0
Interchanged: 1562500.0
----- 500 -----
k=500, n=10000
1.0
Original: 23125000.0
Large iteration distance 500.0
1.0
Interchanged: 7812500.0
----- 800 -----
k=800, n=10000
1.0
Original: 37000000.0
Large iteration distance 800.0
1.0
Interchanged: 12500000.0
----- 1000 -----
k=1000, n=10000
1.0
Original: 46250000.0
Large iteration distance 1000.0
1.0
Interchanged: 15625000.0
