----- 1 -----
vs=1, sel=0.01
1.0
0.01
Branched: 1073.125
1.0
1.0
No Branch: 3125.0
vs=1, sel=0.1
0.1
1.0
Branched: 1168.75
1.0
1.0
No Branch: 3125.0
vs=1, sel=0.25
0.25
1.0
Branched: 1328.125
1.0
1.0
No Branch: 3125.0
vs=1, sel=0.5
1.0
0.5
Branched: 1593.75
1.0
1.0
No Branch: 3125.0
vs=1, sel=0.75
1.0
0.75
Branched: 1859.375
1.0
1.0
No Branch: 3125.0
vs=1, sel=0.9
1.0
0.9
Branched: 2018.75
1.0
1.0
No Branch: 3125.0
vs=1, sel=1.0
1.0
1.0
Branched: 2125.0
1.0
1.0
No Branch: 3125.0
----- 5 -----
vs=5, sel=0.01
1.0
0.01
0.01
0.01
0.01
0.01
Branched: 1115.625
1.0
1.0
1.0
1.0
1.0
1.0
No Branch: 7375.0
vs=5, sel=0.1
0.1
0.1
0.1
0.1
1.0
0.1
Branched: 1593.75
1.0
1.0
1.0
1.0
1.0
1.0
No Branch: 7375.0
vs=5, sel=0.25
0.25
0.25
0.25
0.25
0.25
1.0
Branched: 2390.625
1.0
1.0
1.0
1.0
1.0
1.0
No Branch: 7375.0
vs=5, sel=0.5
0.5
0.5
0.5
0.5
0.5
1.0
Branched: 3718.75
1.0
1.0
1.0
1.0
1.0
1.0
No Branch: 7375.0
vs=5, sel=0.75
0.75
1.0
0.75
0.75
0.75
0.75
Branched: 5046.875
1.0
1.0
1.0
1.0
1.0
1.0
No Branch: 7375.0
vs=5, sel=0.9
0.9
0.9
0.9
0.9
0.9
1.0
Branched: 5843.75
1.0
1.0
1.0
1.0
1.0
1.0
No Branch: 7375.0
vs=5, sel=1.0
1.0
1.0
1.0
1.0
1.0
1.0
Branched: 6375.0
1.0
1.0
1.0
1.0
1.0
1.0
No Branch: 7375.0
