----- 128 -----
n=128, block_size=128
Transposed: 0.005013 (result=5145231433)
Unblocked: 0.005145 (result=5157316135)
Blocked: 0.005639 (result=5124861558)
n=256, block_size=128
Transposed: 0.039837 (result=41096315596)
Unblocked: 0.060629 (result=41074065986)
Blocked: 0.053188 (result=41042980052)
n=512, block_size=128
Transposed: 0.318568 (result=328791255328)
Unblocked: 0.579712 (result=328959099030)
Blocked: 0.622125 (result=329150297158)
n=1024, block_size=128
Transposed: 2.553942 (result=2631289932673)
Unblocked: 4.554455 (result=2632862456302)
Blocked: 5.136175 (result=2629767592053)
n=2048, block_size=128
Transposed: 20.413711 (result=21059771373606)
Unblocked: 35.760645 (result=21046469740624)
Blocked: 40.040233 (result=21061700874711)
