----- 10 -----
n=250000000.0, b=10, p=0.01
0.01
0.01
1.0
1.0
1.0
0.01
1.0
0.01
1.0
703948125.0
Global: 703948125.0
1.0
0.01
0.01
0.01
1.0
1.0
1.0
1.0
0.01
693750000.0
1.0
168.75
Local: 693750168.75
n=250000000.0, b=10, p=0.1
1.0
0.1
1.0
0.1
0.1
1.0
1.0
0.1
1.0
851981250.0
Global: 851981250.0
1.0
0.1
0.1
0.1
1.0
0.1
1.0
1.0
1.0
750000000.0
1.0
168.75
Local: 750000168.75
n=250000000.0, b=10, p=0.5
0.5
0.5
1.0
0.5
1.0
1.0
1.0
1.0
0.5
1509906250.0
Global: 1509906250.0
0.5
1.0
1.0
1.0
1.0
0.5
0.5
0.5
1.0
1000000000.0
1.0
168.75
Local: 1000000168.75
n=250000000.0, b=10, p=0.75
1.0
1.0
1.0
1.0
1.0
0.75
0.75
0.75
0.75
1921109375.0
Global: 1921109375.0
1.0
1.0
1.0
0.75
0.75
0.75
1.0
1.0
0.75
1156250000.0
1.0
168.75
Local: 1156250168.75
n=250000000.0, b=10, p=1.0
1.0
1.0
1.0
1.0
1.0
1.0
1.0
1.0
1.0
2332312500.0
Global: 2332312500.0
1.0
1.0
1.0
1.0
1.0
1.0
1.0
1.0
1.0
1312500000.0
1.0
168.75
Local: 1312500168.75
----- 100 -----
n=250000000.0, b=100, p=0.01
1.0
1.0
1.0
0.01
1.0
0.01
1.0
0.01
0.01
698238824.812
Global: 698238824.812
0.01
1.0
1.0
1.0
1.0
0.01
0.01
0.01
1.0
693750000.0
1.0
1687.5
Local: 693751687.5
n=250000000.0, b=100, p=0.1
0.1
1.0
1.0
0.1
0.1
1.0
0.1
1.0
1.0
794888248.125
Global: 794888248.125
1.0
1.0
0.1
0.1
1.0
1.0
0.1
0.1
1.0
750000000.0
1.0
1687.5
Local: 750001687.5
n=250000000.0, b=100, p=0.5
1.0
1.0
0.5
1.0
0.5
1.0
0.5
1.0
0.5
1224441240.62
Global: 1224441240.62
1.0
0.5
0.5
1.0
1.0
1.0
1.0
0.5
0.5
1000000000.0
1.0
1687.5
Local: 1000001687.5
n=250000000.0, b=100, p=0.75
1.0
0.75
1.0
0.75
0.75
0.75
1.0
1.0
1.0
1492911860.94
Global: 1492911860.94
0.75
1.0
1.0
1.0
0.75
0.75
1.0
1.0
0.75
1156250000.0
1.0
1687.5
Local: 1156251687.5
n=250000000.0, b=100, p=1.0
1.0
1.0
1.0
1.0
1.0
1.0
1.0
1.0
1.0
1761382481.25
Global: 1761382481.25
1.0
1.0
1.0
1.0
1.0
1.0
1.0
1.0
1.0
1312500000.0
1.0
1687.5
Local: 1312501687.5
----- 1000 -----
n=250000000.0, b=1000, p=0.01
1.0
1.0
0.01
1.0
0.01
0.01
1.0
0.01
1.0
697574887.575
Global: 697574887.575
1.0
1.0
1.0
0.01
0.01
0.01
1.0
1.0
0.01
693750000.0
1.0
16875.0
Local: 693766875.0
n=250000000.0, b=1000, p=0.1
1.0
0.1
1.0
1.0
1.0
0.1
1.0
0.1
0.1
788248875.75
Global: 788248875.75
1.0
0.1
1.0
0.1
0.1
1.0
0.1
1.0
1.0
750000000.0
1.0
16875.0
Local: 750016875.0
n=250000000.0, b=1000, p=0.5
1.0
0.5
0.5
1.0
0.5
0.5
1.0
1.0
1.0
1191244378.75
Global: 1191244378.75
1.0
1.0
0.5
0.5
0.5
1.0
1.0
0.5
1.0
1000000000.0
1.0
16875.0
Local: 1000016875.0
n=250000000.0, b=1000, p=0.75
0.75
1.0
1.0
1.0
1.0
0.75
0.75
1.0
0.75
1443116568.12
Global: 1443116568.12
1.0
0.75
1.0
0.75
1.0
1.0
0.75
0.75
1.0
1156250000.0
1.0
16875.0
Local: 1156266875.0
n=250000000.0, b=1000, p=1.0
1.0
1.0
1.0
1.0
1.0
1.0
1.0
1.0
1.0
1694988757.5
Global: 1694988757.5
1.0
1.0
1.0
1.0
1.0
1.0
1.0
1.0
1.0
1312500000.0
1.0
16875.0
Local: 1312516875.0
----- 10000 -----
n=250000000.0, b=10000, p=0.01
1.0
1.0
1.0
1.0
0.01
1.0
0.01
0.01
0.01
698257498.875
Global: 698257498.875
0.01
1.0
1.0
1.0
0.01
0.01
1.0
1.0
0.01
696750000.0
1.0
187500.0
Local: 696937500.0
n=250000000.0, b=10000, p=0.1
1.0
1.0
0.1
0.1
0.1
1.0
0.1
1.0
1.0
795074988.751
Global: 795074988.751
1.0
0.1
1.0
1.0
1.0
0.1
0.1
0.1
1.0
780000000.0
1.0
187500.0
Local: 780187500.0
n=250000000.0, b=10000, p=0.5
1.0
1.0
1.0
0.5
0.5
1.0
0.5
0.5
1.0
1225374943.75
Global: 1225374943.75
0.5
1.0
1.0
1.0
0.5
1.0
0.5
0.5
1.0
1150000000.0
1.0
187500.0
Local: 1150187500.0
n=250000000.0, b=10000, p=0.75
1.0
0.75
1.0
1.0
1.0
0.75
0.75
0.75
1.0
1494312415.63
Global: 1494312415.63
1.0
1.0
1.0
1.0
0.75
0.75
0.75
0.75
1.0
1381250000.0
1.0
187500.0
Local: 1381437500.0
n=250000000.0, b=10000, p=1.0
1.0
1.0
1.0
1.0
1.0
1.0
1.0
1.0
1.0
1763249887.51
Global: 1763249887.51
1.0
1.0
1.0
1.0
1.0
1.0
1.0
1.0
1.0
1612500000.0
1.0
187500.0
Local: 1612687500.0
----- 100000 -----
n=250000000.0, b=100000, p=0.01
1.0
0.01
0.01
0.01
1.0
1.0
1.0
1.0
0.01
709500749.989
Global: 709500749.989
1.0
1.0
0.01
0.01
1.0
0.01
0.01
1.0
1.0
717375000.0
1.0
2250000.0
Local: 719625000.0
n=250000000.0, b=100000, p=0.1
0.1
1.0
1.0
0.1
1.0
1.0
1.0
0.1
0.1
907507499.888
Global: 907507499.888
1.0
0.1
0.1
1.0
1.0
1.0
1.0
0.1
0.1
986250000.0
1.0
2250000.0
Local: 988500000.0
n=250000000.0, b=100000, p=0.5
0.5
1.0
0.5
1.0
1.0
0.5
0.5
1.0
1.0
1787537499.44
Global: 1787537499.44
1.0
1.0
0.5
0.5
1.0
1.0
0.5
0.5
1.0
2181250000.0
1.0
2250000.0
Local: 2183500000.0
n=250000000.0, b=100000, p=0.75
1.0
1.0
0.75
1.0
0.75
1.0
1.0
0.75
0.75
2337556249.16
Global: 2337556249.16
1.0
0.75
1.0
0.75
0.75
0.75
1.0
1.0
1.0
2928125000.0
1.0
2250000.0
Local: 2930375000.0
n=250000000.0, b=100000, p=1.0
1.0
1.0
1.0
1.0
1.0
1.0
1.0
1.0
1.0
2887574998.88
Global: 2887574998.88
1.0
1.0
1.0
1.0
1.0
1.0
1.0
1.0
1.0
3675000000.0
1.0
2250000.0
Local: 3677250000.0
----- 1000000 -----
n=250000000.0, b=1000000, p=0.01
0.01
0.01
1.0
1.0
1.0
0.01
0.01
1.0
1.0
723450075.0
Global: 723450075.0
1.0
0.01
1.0
0.01
0.01
0.01
1.0
1.0
1.0
746643750.0
1.0
75000000.0
Local: 821643750.0
n=250000000.0, b=1000000, p=0.1
0.1
1.0
0.1
0.1
1.0
1.0
1.0
0.1
1.0
1047000750.0
Global: 1047000750.0
0.1
1.0
1.0
0.1
0.1
0.1
1.0
1.0
1.0
1278937500.0
1.0
75000000.0
Local: 1353937500.0
n=250000000.0, b=1000000, p=0.5
1.0
1.0
1.0
0.5
0.5
0.5
0.5
1.0
1.0
2485003749.99
Global: 2485003749.99
0.5
0.5
0.5
1.0
1.0
1.0
1.0
1.0
0.5
3644687500.0
1.0
75000000.0
Local: 3719687500.0
n=250000000.0, b=1000000, p=0.75
0.75
1.0
1.0
1.0
1.0
0.75
1.0
0.75
0.75
3383755624.99
Global: 3383755624.99
0.75
1.0
1.0
1.0
0.75
1.0
1.0
0.75
0.75
5123281250.0
1.0
75000000.0
Local: 5198281250.0
n=250000000.0, b=1000000, p=1.0
1.0
1.0
1.0
1.0
1.0
1.0
1.0
1.0
1.0
4282507499.99
Global: 4282507499.99
1.0
1.0
1.0
1.0
1.0
1.0
1.0
1.0
1.0
6601875000.0
1.0
75000000.0
Local: 6676875000.0
----- 10000000 -----
n=250000000.0, b=10000000, p=0.01
1.0
0.01
0.01
0.01
0.01
1.0
1.0
1.0
1.0
755782507.5
Global: 755782507.5
0.01
0.01
1.0
1.0
1.0
1.0
0.01
1.0
0.01
754726875.0
1.0
750000000.0
Local: 1504726875.0
n=250000000.0, b=10000000, p=0.1
1.0
0.1
0.1
0.1
1.0
1.0
1.0
0.1
1.0
1370325075.0
Global: 1370325075.0
1.0
1.0
0.1
1.0
0.1
0.1
0.1
1.0
1.0
1359768750.0
1.0
750000000.0
Local: 2109768750.0
n=250000000.0, b=10000000, p=0.5
0.5
1.0
1.0
0.5
0.5
0.5
1.0
1.0
1.0
4101625375.0
Global: 4101625375.0
0.5
0.5
1.0
0.5
1.0
0.5
1.0
1.0
1.0
4048843750.0
1.0
750000000.0
Local: 4798843750.0
n=250000000.0, b=10000000, p=0.75
1.0
1.0
1.0
0.75
0.75
1.0
1.0
0.75
0.75
5808688062.5
Global: 5808688062.5
1.0
1.0
0.75
0.75
0.75
1.0
1.0
1.0
0.75
5729515625.0
1.0
750000000.0
Local: 6479515625.0
n=250000000.0, b=10000000, p=1.0
1.0
1.0
1.0
1.0
1.0
1.0
1.0
1.0
1.0
7515750750.0
Global: 7515750750.0
1.0
1.0
1.0
1.0
1.0
1.0
1.0
1.0
1.0
7410187500.0
1.0
750000000.0
Local: 8160187500.0
----- 100000000 -----
n=250000000.0, b=100000000, p=0.01
1.0
0.01
1.0
1.0
0.01
1.0
0.01
0.01
1.0
759015750.75
Global: 759015750.75
1.0
0.01
1.0
1.0
1.0
0.01
0.01
1.0
0.01
755535187.5
1.0
7500000000.0
Local: 8255535187.5
n=250000000.0, b=100000000, p=0.1
1.0
0.1
1.0
1.0
1.0
0.1
1.0
0.1
0.1
1402657507.5
Global: 1402657507.5
1.0
0.1
0.1
1.0
0.1
0.1
1.0
1.0
1.0
1367851875.0
1.0
7500000000.0
Local: 8867851875.0
n=250000000.0, b=100000000, p=0.5
1.0
1.0
0.5
0.5
0.5
1.0
1.0
1.0
0.5
4263287537.5
Global: 4263287537.5
0.5
0.5
0.5
1.0
1.0
1.0
0.5
1.0
1.0
4089259375.0
1.0
7500000000.0
Local: 11589259375.0
n=250000000.0, b=100000000, p=0.75
1.0
1.0
1.0
1.0
0.75
0.75
0.75
0.75
1.0
6051181306.25
Global: 6051181306.25
1.0
1.0
0.75
1.0
1.0
0.75
0.75
0.75
1.0
5790139062.5
1.0
7500000000.0
Local: 13290139062.5
n=250000000.0, b=100000000, p=1.0
1.0
1.0
1.0
1.0
1.0
1.0
1.0
1.0
1.0
7839075075.0
Global: 7839075075.0
1.0
1.0
1.0
1.0
1.0
1.0
1.0
1.0
1.0
7491018750.0
1.0
7500000000.0
Local: 14991018750.0
